GUARDIAN_ABS_IRRED_DATA[6][4] := [
[[ 1180663678586344177680, 73791480169364455680, 1180663682709764182020, 
  1180663679412034617345, 295436139953819500545, 1180663682709764194306, 
  1180663682709764210689, 1180663682710032629761, 1180663687107810705409, 
  1180735740303802122241, 2361255303427175497729 ], 34992, 
100140817619122852173154459230788753543077638254197976051047443770413525639845\
715207168188049391285561195076884786840127, 1, 1],
[[ 18447870059516788800, 1180663682709764182020, 1180609652708375281665, 
  1180663682709562855440, 295165989946874937345, 1180663682709764194306, 
  1180663682709764210689, 1180663682710032629761, 1180663687107810705409, 
  1180735740303802122241, 2361255303427175497729 ], 52488, 
499499452949036139883573486771711875089449535355372674727445769004672653363161\
786615219612784737222383247196593544063090943, 1, 0],
[[ 1180663678586344177680, 73791480169364455680, 1180663682709764182025, 
  1180663679413376794625, 295796427924009140225, 1180663682709764206593, 
  1180663686008299077633, 2066107398247822671873, 1180663682709764186126, 
  1180663680514230599681, 591304621073551605761 ], 162000, 
495569569774908887359380087676667296715269548456383392955405923475670993929089\
05861998261193147694224350463810725192966483735514570345077900238421053503, 
2, 1],
[[ 18447870059516788800, 1180663682709562855461, 295166082305851670529, 
  1180663682710133379132, 1180663682709579718657, 2804355723049648013313, 
  369331202639714598913, 1180663682710015934470, 2287828637092759486465 ], 
71442, 
893155079737921724281386477993871069722481437974460902003172144227549790197641\
53644992691704074407442268592653391, 3, 1],
[[ 18447870059516788800, 1180663682710032629761, 2361255303427175497729, 
  1180663682709881737263, 1180663682709915422751, 1845773422019743858689, 
  2214420213855271534593, 1180663682709630156801, 591160505885475749889, 
  1180663682709529493508, 1180663682710032662529, 2361399418615251353601, 
  590349923923246727169, 1180663682710301097987, 3541991048128755679233 ], 
839808, 
168714068817698065698244061515970077203311145403010855982594180480860331922436\
618226799654141904024914053741175256434029380153353655207862446062943284572795\
577073826779152050797728753517106768211107188198578043612304088641458126549044\
21367866825585474167542854190880717227717624238505175797422055631206756415, 
3, 1],
[[ 78403522709013151745, 73791480169368928785, 3625006666157742129410, 
  2066107401546357567489, 295796424627621728265, 3246987257039040851973 ], 
1890, 3540119560788431226857934897, 6, 0],
[[ 3541991039332662657025, 1411262203074164589330, 3629618492630174056755, 
  221374580429475037185, 3541991043730977603585, 221374440508093367040, 
  2066107401546357567489, 295796424627621728265, 3246987257039040851973 ], 
6480, 
561504781469336171279381142397733006065520014249267208404057944930818159012629\
4879240519, 6, 1],
[[ 3895094689824925315073, 73791480169361693066, 1788113089741849135394, 
  1805446436414644904895, 3448803958425819037697, 4572805840561965209275, 
  2934998570254729503263 ], 24570, 
169716338497917756310063828053598952515881090575492025287624100078001062036943\
945942679, 6, 1],
];
ABS_IRRED_DATA[6][4] := [
[1, 2047],
[1, 2046],
[1, 26598],
[1, 100327],
[1, 14318],
[1, 26607],
[1, 28655],
[1, 16355],
[1, 40145918],
[1, 40147966],
[1, 107140078],
[1, 107144174],
[1, 71443430],
[1, 71451622],
[1, 120435711],
[1, 642835439],
[1, 642837487],
[1, 857310183],
[1, 285490147],
[1, 2266915558],
[1, 44606438],
[1, 442212950246],
[1, 12188344806],
[1, 442213146854],
[1, 12188410342],
[1, 81608934119],
[1, 535266279],
[1, 47758998601959],
[1, 438780396007],
[1, 41448126947],
[1, 41451665891],
[1, 178142179],
[1, 178535395],
[1, 1768849160419],
[1, 1768866855139],
[1, 48752507363],
[1, 48760764899],
[1, 22305301246],
[1, 22305307390],
[1, 19827634926],
[1, 19827647214],
[1, 4406207206],
[1, 303089983718],
[1, 4406231782],
[1, 303090180326],
[1, 200747705087],
[1, 356897415919],
[1, 356897417967],
[1, 158623433447],
[1, 32733718216935],
[1, 17623956195],
[1, 1212431612131],
[2, 2047],
[2, 6139],
[2, 8187],
[2, 2041],
[2, 160592891],
[2, 53527545],
[2, 53625849],
[2, 160594939],
[2, 120435711],
[2, 151966715],
[2, 35903509371],
[2, 50652153],
[2, 50824185],
[2, 3989275513],
[2, 3993109369],
[2, 3991339897],
[2, 3995173753],
[2, 3990160249],
[2, 151968763],
[2, 35903511419],
[2, 113966079],
[2, 80782812031],
[2, 547974070649],
[2, 1429720990009],
[2, 1429840429369],
[2, 573112074617],
[2, 547958145401],
[2, 548028039545],
[2, 547912139129],
[2, 115698400139579],
[3, 2047],
[3, 2046],
[3, 51182],
[3, 53230],
[3, 149487],
[3, 75750],
[3, 81894],
[3, 665575],
[3, 2018],
[3, 2019],
[3, 1574718],
[3, 11257646],
[3, 8259366],
[3, 665378],
[3, 11259694],
[3, 8265510],
[3, 6293311],
[3, 135071535],
[3, 297273127],
[3, 71665443],
[3, 100222],
[3, 1501038],
[3, 2140006],
[3, 333666],
[3, 1503086],
[3, 2146150],
[3, 198527],
[3, 200575],
[3, 16159],
[3, 8996719],
[3, 9002863],
[3, 59027215],
[3, 38487911],
[3, 38506343],
[3, 42598151],
[3, 17917795],
[3, 17973091],
[3, 388867],
[3, 123658572595518],
[3, 158545347390],
[3, 33386037657902],
[3, 213858632494],
[3, 32077579046],
[3, 534160162],
[3, 33386038151470],
[3, 213858732846],
[3, 32077880102],
[3, 12365857259520319],
[3, 3170906932031],
[3, 4456976220174623],
[3, 5205236136735],
[3, 10015811297280303],
[3, 12831517901615],
[3, 1795502407723279],
[3, 10370580523791],
[3, 5773964084007],
[3, 2332518120199],
[3, 288446055203],
[3, 57331280643],
[4, 511],
[4, 2043],
[4, 3579],
[4, 505],
[4, 359871],
[4, 366015],
[4, 372159],
[4, 1087931],
[4, 1083323],
[4, 1097147],
[4, 1110971],
[4, 359865],
[4, 304575],
[4, 315327],
[4, 312255],
[4, 7705007],
[4, 7778735],
[4, 7594415],
[4, 7834031],
[4, 7520687],
[4, 7723439],
[4, 7649711],
[4, 922043],
[4, 935867],
[4, 949691],
[4, 7783339],
[4, 7700395],
[4, 917435],
[4, 7810987],
[4, 7645099],
[4, 304569],
[4, 13382043],
[4, 13423515],
[4, 13340571],
[4, 58061195],
[4, 58558859],
[4, 28121],
[4, 1451929],
[4, 2322841],
[4, 10465179],
[4, 79792523],
[4, 78548363],
[4, 14297],
[4, 1327513],
[4, 1203097],
[4, 1161625],
[4, 2405785],
[4, 85896179903],
[4, 305443127999],
[4, 332112683695],
[4, 1184751203503],
[4, 332104145071],
[4, 1184742945967],
[4, 36812644027],
[4, 130905395899],
[4, 439979130011],
[4, 36812031163],
[4, 130904783035],
[4, 440010966683],
[4, 47444479659],
[4, 169250231979],
[4, 212683968139],
[4, 47443318443],
[4, 169249070763],
[4, 212675259019],
[4, 1752952505],
[4, 6233504441],
[4, 6984133785],
[4, 6983553177],
[5, 32767],
[5, 229371],
[5, 131067],
[5, 32761],
[5, 33456027],
[5, 29130651],
[5, 2391953],
[5, 2981777],
[5, 32689],
[5, 7110553],
[5, 8290201],
[5, 8880025],
[5, 3571641],
[5, 3866553],
[5, 1416396443],
[5, 1416789659],
[5, 2077785755],
[5, 2078178971],
[5, 42499729],
[5, 61374097],
[5, 63733393],
[5, 43089553],
[5, 250117785],
[5, 251297433],
[5, 176979609],
[5, 252477081],
[5, 3194059985020571],
[5, 3580282164242075],
[5, 1232274482833],
[5, 3195454121617],
[5, 2645419648657],
[5, 3531626079889],
[5, 116870978496153],
[5, 44361944163993],
[6, 63],
[6, 61],
[6, 125],
[6, 189],
[6, 45],
[7, 511],
[7, 508],
[7, 510],
[7, 956],
[7, 1470],
[8, 127],
[8, 125],
[8, 763],
[8, 121],
[8, 7407],
[8, 7791],
[8, 69227],
[8, 78827],
[8, 117],
[8, 113],
[8, 111199],
[8, 6437839],
[8, 6440527],
[8, 340571],
[8, 7136715],
[8, 7203915],
[8, 45789],
[8, 72661],
[8, 26969],
[8, 81],
];
